{"/Users/shwetech/Project/mlive/src/constants.js": {"path":"/Users/shwetech/Project/mlive/src/constants.js","statementMap":{},"fnMap":{},"branchMap":{},"s":{},"f":{},"b":{},"_coverageSchema":"332fd63041d2c1bcb487cc26dd0d5f7d97098a6c","hash":"004e29cb16e4223c7289f8c8d41fac5857b6d7a6"}
,"/Users/shwetech/Project/mlive/src/data/storage.js": {"path":"/Users/shwetech/Project/mlive/src/data/storage.js","statementMap":{"0":{"start":{"line":3,"column":22},"end":{"line":3,"column":33}},"1":{"start":{"line":4,"column":23},"end":{"line":4,"column":35}},"2":{"start":{"line":5,"column":23},"end":{"line":5,"column":35}},"3":{"start":{"line":9,"column":4},"end":{"line":13,"column":5}},"4":{"start":{"line":10,"column":6},"end":{"line":10,"column":74}},"5":{"start":{"line":12,"column":6},"end":{"line":12,"column":54}},"6":{"start":{"line":16,"column":4},"end":{"line":21,"column":5}},"7":{"start":{"line":17,"column":23},"end":{"line":17,"column":64}},"8":{"start":{"line":18,"column":6},"end":{"line":18,"column":34}},"9":{"start":{"line":20,"column":6},"end":{"line":20,"column":55}},"10":{"start":{"line":24,"column":4},"end":{"line":28,"column":5}},"11":{"start":{"line":25,"column":6},"end":{"line":25,"column":56}},"12":{"start":{"line":27,"column":6},"end":{"line":27,"column":50}},"13":{"start":{"line":31,"column":4},"end":{"line":36,"column":5}},"14":{"start":{"line":32,"column":26},"end":{"line":32,"column":68}},"15":{"start":{"line":33,"column":6},"end":{"line":33,"column":25}},"16":{"start":{"line":35,"column":6},"end":{"line":35,"column":51}},"17":{"start":{"line":39,"column":4},"end":{"line":43,"column":5}},"18":{"start":{"line":40,"column":6},"end":{"line":40,"column":66}},"19":{"start":{"line":42,"column":6},"end":{"line":42,"column":62}},"20":{"start":{"line":46,"column":4},"end":{"line":51,"column":5}},"21":{"start":{"line":47,"column":28},"end":{"line":47,"column":70}},"22":{"start":{"line":48,"column":6},"end":{"line":48,"column":27}},"23":{"start":{"line":50,"column":6},"end":{"line":50,"column":62}}},"fnMap":{"0":{"name":"(anonymous_0)","decl":{"start":{"line":8,"column":2},"end":{"line":8,"column":3}},"loc":{"start":{"line":8,"column":33},"end":{"line":14,"column":3}},"line":8},"1":{"name":"(anonymous_1)","decl":{"start":{"line":15,"column":2},"end":{"line":15,"column":3}},"loc":{"start":{"line":15,"column":25},"end":{"line":22,"column":3}},"line":15},"2":{"name":"(anonymous_2)","decl":{"start":{"line":23,"column":2},"end":{"line":23,"column":3}},"loc":{"start":{"line":23,"column":31},"end":{"line":29,"column":3}},"line":23},"3":{"name":"(anonymous_3)","decl":{"start":{"line":30,"column":2},"end":{"line":30,"column":3}},"loc":{"start":{"line":30,"column":26},"end":{"line":37,"column":3}},"line":30},"4":{"name":"(anonymous_4)","decl":{"start":{"line":38,"column":2},"end":{"line":38,"column":3}},"loc":{"start":{"line":38,"column":47},"end":{"line":44,"column":3}},"line":38},"5":{"name":"(anonymous_5)","decl":{"start":{"line":45,"column":2},"end":{"line":45,"column":3}},"loc":{"start":{"line":45,"column":32},"end":{"line":52,"column":3}},"line":45}},"branchMap":{},"s":{"0":1,"1":1,"2":1,"3":0,"4":0,"5":0,"6":0,"7":0,"8":0,"9":0,"10":0,"11":0,"12":0,"13":0,"14":0,"15":0,"16":0,"17":0,"18":0,"19":0,"20":0,"21":0,"22":0,"23":0},"f":{"0":0,"1":0,"2":0,"3":0,"4":0,"5":0},"b":{},"_coverageSchema":"332fd63041d2c1bcb487cc26dd0d5f7d97098a6c","hash":"ef22a87dfb79099ed8d1e187ba335aab6de441d3"}
,"/Users/shwetech/Project/mlive/src/ducks/error.js": {"path":"/Users/shwetech/Project/mlive/src/ducks/error.js","statementMap":{"0":{"start":{"line":3,"column":25},"end":{"line":7,"column":1}},"1":{"start":{"line":8,"column":29},"end":{"line":14,"column":1}},"2":{"start":{"line":16,"column":29},"end":{"line":16,"column":44}},"3":{"start":{"line":17,"column":27},"end":{"line":17,"column":40}},"4":{"start":{"line":20,"column":2},"end":{"line":26,"column":4}},"5":{"start":{"line":30,"column":2},"end":{"line":32,"column":4}},"6":{"start":{"line":35,"column":21},"end":{"line":37,"column":2}},"7":{"start":{"line":43,"column":21},"end":{"line":55,"column":1}},"8":{"start":{"line":44,"column":2},"end":{"line":53,"column":3}},"9":{"start":{"line":45,"column":24},"end":{"line":45,"column":30}},"10":{"start":{"line":46,"column":4},"end":{"line":46,"column":46}},"11":{"start":{"line":46,"column":33},"end":{"line":46,"column":46}},"12":{"start":{"line":47,"column":4},"end":{"line":50,"column":8}},"13":{"start":{"line":51,"column":9},"end":{"line":53,"column":3}},"14":{"start":{"line":52,"column":4},"end":{"line":52,"column":24}},"15":{"start":{"line":54,"column":2},"end":{"line":54,"column":15}},"16":{"start":{"line":59,"column":2},"end":{"line":59,"column":41}},"17":{"start":{"line":63,"column":20},"end":{"line":63,"column":48}},"18":{"start":{"line":64,"column":2},"end":{"line":64,"column":30}},"19":{"start":{"line":64,"column":18},"end":{"line":64,"column":30}},"20":{"start":{"line":65,"column":21},"end":{"line":65,"column":50}},"21":{"start":{"line":66,"column":2},"end":{"line":68,"column":3}},"22":{"start":{"line":67,"column":4},"end":{"line":67,"column":16}},"23":{"start":{"line":69,"column":2},"end":{"line":72,"column":4}}},"fnMap":{"0":{"name":"didReceiveError","decl":{"start":{"line":19,"column":16},"end":{"line":19,"column":31}},"loc":{"start":{"line":19,"column":46},"end":{"line":27,"column":1}},"line":19},"1":{"name":"resetError","decl":{"start":{"line":29,"column":16},"end":{"line":29,"column":26}},"loc":{"start":{"line":29,"column":29},"end":{"line":33,"column":1}},"line":29},"2":{"name":"(anonymous_2)","decl":{"start":{"line":43,"column":21},"end":{"line":43,"column":22}},"loc":{"start":{"line":43,"column":55},"end":{"line":55,"column":1}},"line":43},"3":{"name":"isError","decl":{"start":{"line":58,"column":16},"end":{"line":58,"column":23}},"loc":{"start":{"line":58,"column":31},"end":{"line":60,"column":1}},"line":58},"4":{"name":"getLastError","decl":{"start":{"line":62,"column":16},"end":{"line":62,"column":28}},"loc":{"start":{"line":62,"column":36},"end":{"line":73,"column":1}},"line":62}},"branchMap":{"0":{"loc":{"start":{"line":43,"column":22},"end":{"line":43,"column":42}},"type":"default-arg","locations":[{"start":{"line":43,"column":30},"end":{"line":43,"column":42}}],"line":43},"1":{"loc":{"start":{"line":44,"column":2},"end":{"line":53,"column":3}},"type":"if","locations":[{"start":{"line":44,"column":2},"end":{"line":53,"column":3}},{"start":{"line":44,"column":2},"end":{"line":53,"column":3}}],"line":44},"2":{"loc":{"start":{"line":46,"column":4},"end":{"line":46,"column":46}},"type":"if","locations":[{"start":{"line":46,"column":4},"end":{"line":46,"column":46}},{"start":{"line":46,"column":4},"end":{"line":46,"column":46}}],"line":46},"3":{"loc":{"start":{"line":51,"column":9},"end":{"line":53,"column":3}},"type":"if","locations":[{"start":{"line":51,"column":9},"end":{"line":53,"column":3}},{"start":{"line":51,"column":9},"end":{"line":53,"column":3}}],"line":51},"4":{"loc":{"start":{"line":64,"column":2},"end":{"line":64,"column":30}},"type":"if","locations":[{"start":{"line":64,"column":2},"end":{"line":64,"column":30}},{"start":{"line":64,"column":2},"end":{"line":64,"column":30}}],"line":64},"5":{"loc":{"start":{"line":66,"column":2},"end":{"line":68,"column":3}},"type":"if","locations":[{"start":{"line":66,"column":2},"end":{"line":68,"column":3}},{"start":{"line":66,"column":2},"end":{"line":68,"column":3}}],"line":66}},"s":{"0":3,"1":3,"2":3,"3":3,"4":4,"5":2,"6":3,"7":3,"8":3,"9":1,"10":1,"11":0,"12":1,"13":2,"14":1,"15":1,"16":2,"17":1,"18":1,"19":0,"20":1,"21":1,"22":0,"23":1},"f":{"0":4,"1":2,"2":3,"3":2,"4":1},"b":{"0":[0],"1":[1,2],"2":[0,1],"3":[1,1],"4":[0,1],"5":[0,1]},"_coverageSchema":"332fd63041d2c1bcb487cc26dd0d5f7d97098a6c","hash":"5060187d4602e7874f9dfe547a3c44d04ee0c82b"}
,"/Users/shwetech/Project/mlive/src/ducks/live.js": {"path":"/Users/shwetech/Project/mlive/src/ducks/live.js","statementMap":{"0":{"start":{"line":3,"column":26},"end":{"line":3,"column":43}},"1":{"start":{"line":4,"column":32},"end":{"line":4,"column":54}},"2":{"start":{"line":5,"column":33},"end":{"line":5,"column":56}},"3":{"start":{"line":6,"column":31},"end":{"line":6,"column":52}},"4":{"start":{"line":9,"column":2},"end":{"line":12,"column":4}},"5":{"start":{"line":16,"column":2},"end":{"line":18,"column":4}},"6":{"start":{"line":22,"column":2},"end":{"line":25,"column":4}},"7":{"start":{"line":29,"column":2},"end":{"line":31,"column":4}},"8":{"start":{"line":34,"column":21},"end":{"line":37,"column":2}},"9":{"start":{"line":54,"column":2},"end":{"line":59,"column":6}},"10":{"start":{"line":54,"column":39},"end":{"line":59,"column":3}},"11":{"start":{"line":63,"column":2},"end":{"line":71,"column":3}},"12":{"start":{"line":65,"column":6},"end":{"line":65,"column":43}},"13":{"start":{"line":67,"column":6},"end":{"line":68,"column":87}},"14":{"start":{"line":68,"column":8},"end":{"line":68,"column":85}},"15":{"start":{"line":70,"column":6},"end":{"line":70,"column":19}},"16":{"start":{"line":76,"column":28},"end":{"line":76,"column":60}},"17":{"start":{"line":76,"column":37},"end":{"line":76,"column":60}},"18":{"start":{"line":77,"column":29},"end":{"line":77,"column":59}},"19":{"start":{"line":77,"column":38},"end":{"line":77,"column":59}}},"fnMap":{"0":{"name":"fetchLive","decl":{"start":{"line":8,"column":16},"end":{"line":8,"column":25}},"loc":{"start":{"line":8,"column":35},"end":{"line":13,"column":1}},"line":8},"1":{"name":"fetchLiveStart","decl":{"start":{"line":15,"column":16},"end":{"line":15,"column":30}},"loc":{"start":{"line":15,"column":33},"end":{"line":19,"column":1}},"line":15},"2":{"name":"fetchLiveFinish","decl":{"start":{"line":21,"column":16},"end":{"line":21,"column":31}},"loc":{"start":{"line":21,"column":41},"end":{"line":26,"column":1}},"line":21},"3":{"name":"fetchLiveStop","decl":{"start":{"line":28,"column":16},"end":{"line":28,"column":29}},"loc":{"start":{"line":28,"column":32},"end":{"line":32,"column":1}},"line":28},"4":{"name":"convertToState","decl":{"start":{"line":53,"column":16},"end":{"line":53,"column":30}},"loc":{"start":{"line":53,"column":45},"end":{"line":60,"column":1}},"line":53},"5":{"name":"(anonymous_5)","decl":{"start":{"line":54,"column":26},"end":{"line":54,"column":27}},"loc":{"start":{"line":54,"column":39},"end":{"line":59,"column":3}},"line":54},"6":{"name":"reducer","decl":{"start":{"line":62,"column":24},"end":{"line":62,"column":31}},"loc":{"start":{"line":62,"column":62},"end":{"line":72,"column":1}},"line":62},"7":{"name":"(anonymous_7)","decl":{"start":{"line":67,"column":33},"end":{"line":67,"column":34}},"loc":{"start":{"line":68,"column":8},"end":{"line":68,"column":85}},"line":68},"8":{"name":"(anonymous_8)","decl":{"start":{"line":76,"column":28},"end":{"line":76,"column":29}},"loc":{"start":{"line":76,"column":37},"end":{"line":76,"column":60}},"line":76},"9":{"name":"(anonymous_9)","decl":{"start":{"line":77,"column":29},"end":{"line":77,"column":30}},"loc":{"start":{"line":77,"column":38},"end":{"line":77,"column":59}},"line":77}},"branchMap":{"0":{"loc":{"start":{"line":57,"column":15},"end":{"line":57,"column":66}},"type":"binary-expr","locations":[{"start":{"line":57,"column":15},"end":{"line":57,"column":42}},{"start":{"line":57,"column":46},"end":{"line":57,"column":66}}],"line":57},"1":{"loc":{"start":{"line":62,"column":32},"end":{"line":62,"column":52}},"type":"default-arg","locations":[{"start":{"line":62,"column":40},"end":{"line":62,"column":52}}],"line":62},"2":{"loc":{"start":{"line":63,"column":2},"end":{"line":71,"column":3}},"type":"switch","locations":[{"start":{"line":64,"column":4},"end":{"line":65,"column":43}},{"start":{"line":66,"column":4},"end":{"line":68,"column":87}},{"start":{"line":69,"column":4},"end":{"line":70,"column":19}}],"line":63}},"s":{"0":2,"1":2,"2":2,"3":2,"4":2,"5":7,"6":4,"7":1,"8":2,"9":2,"10":1,"11":2,"12":1,"13":1,"14":1,"15":0,"16":2,"17":1,"18":2,"19":1},"f":{"0":2,"1":7,"2":4,"3":1,"4":2,"5":1,"6":2,"7":1,"8":1,"9":1},"b":{"0":[1,1],"1":[0],"2":[1,1,0]},"_coverageSchema":"332fd63041d2c1bcb487cc26dd0d5f7d97098a6c","hash":"d02e80f9a509f47ba274eae8f85cc4b9b102ee7a"}
,"/Users/shwetech/Project/mlive/src/ducks/login.js": {"path":"/Users/shwetech/Project/mlive/src/ducks/login.js","statementMap":{"0":{"start":{"line":5,"column":33},"end":{"line":5,"column":52}},"1":{"start":{"line":6,"column":37},"end":{"line":6,"column":60}},"2":{"start":{"line":7,"column":26},"end":{"line":7,"column":43}},"3":{"start":{"line":8,"column":27},"end":{"line":8,"column":45}},"4":{"start":{"line":9,"column":32},"end":{"line":9,"column":50}},"5":{"start":{"line":10,"column":33},"end":{"line":10,"column":52}},"6":{"start":{"line":14,"column":2},"end":{"line":16,"column":4}},"7":{"start":{"line":20,"column":2},"end":{"line":22,"column":4}},"8":{"start":{"line":26,"column":2},"end":{"line":28,"column":4}},"9":{"start":{"line":42,"column":2},"end":{"line":55,"column":4}},"10":{"start":{"line":59,"column":2},"end":{"line":63,"column":4}},"11":{"start":{"line":67,"column":2},"end":{"line":69,"column":4}},"12":{"start":{"line":72,"column":30},"end":{"line":78,"column":1}},"13":{"start":{"line":81,"column":21},"end":{"line":85,"column":2}},"14":{"start":{"line":88,"column":2},"end":{"line":109,"column":3}},"15":{"start":{"line":90,"column":6},"end":{"line":90,"column":43}},"16":{"start":{"line":92,"column":6},"end":{"line":92,"column":43}},"17":{"start":{"line":94,"column":6},"end":{"line":98,"column":37}},"18":{"start":{"line":95,"column":8},"end":{"line":98,"column":35}},"19":{"start":{"line":100,"column":6},"end":{"line":104,"column":37}},"20":{"start":{"line":101,"column":8},"end":{"line":104,"column":35}},"21":{"start":{"line":106,"column":6},"end":{"line":106,"column":43}},"22":{"start":{"line":108,"column":6},"end":{"line":108,"column":19}},"23":{"start":{"line":114,"column":28},"end":{"line":114,"column":65}},"24":{"start":{"line":114,"column":37},"end":{"line":114,"column":65}},"25":{"start":{"line":115,"column":33},"end":{"line":115,"column":66}},"26":{"start":{"line":115,"column":42},"end":{"line":115,"column":66}},"27":{"start":{"line":116,"column":31},"end":{"line":116,"column":63}},"28":{"start":{"line":116,"column":40},"end":{"line":116,"column":63}}},"fnMap":{"0":{"name":"startLogin","decl":{"start":{"line":13,"column":16},"end":{"line":13,"column":26}},"loc":{"start":{"line":13,"column":29},"end":{"line":17,"column":1}},"line":13},"1":{"name":"startLogout","decl":{"start":{"line":19,"column":16},"end":{"line":19,"column":27}},"loc":{"start":{"line":19,"column":30},"end":{"line":23,"column":1}},"line":19},"2":{"name":"reLogin","decl":{"start":{"line":25,"column":16},"end":{"line":25,"column":23}},"loc":{"start":{"line":25,"column":26},"end":{"line":29,"column":1}},"line":25},"3":{"name":"login","decl":{"start":{"line":31,"column":9},"end":{"line":31,"column":14}},"loc":{"start":{"line":41,"column":2},"end":{"line":56,"column":1}},"line":41},"4":{"name":"finishLogin","decl":{"start":{"line":58,"column":9},"end":{"line":58,"column":20}},"loc":{"start":{"line":58,"column":44},"end":{"line":64,"column":1}},"line":58},"5":{"name":"logout","decl":{"start":{"line":66,"column":9},"end":{"line":66,"column":15}},"loc":{"start":{"line":66,"column":18},"end":{"line":70,"column":1}},"line":66},"6":{"name":"reducer","decl":{"start":{"line":87,"column":24},"end":{"line":87,"column":31}},"loc":{"start":{"line":87,"column":62},"end":{"line":110,"column":1}},"line":87},"7":{"name":"(anonymous_7)","decl":{"start":{"line":94,"column":33},"end":{"line":94,"column":34}},"loc":{"start":{"line":95,"column":8},"end":{"line":98,"column":35}},"line":95},"8":{"name":"(anonymous_8)","decl":{"start":{"line":100,"column":33},"end":{"line":100,"column":34}},"loc":{"start":{"line":101,"column":8},"end":{"line":104,"column":35}},"line":101},"9":{"name":"(anonymous_9)","decl":{"start":{"line":114,"column":28},"end":{"line":114,"column":29}},"loc":{"start":{"line":114,"column":37},"end":{"line":114,"column":65}},"line":114},"10":{"name":"(anonymous_10)","decl":{"start":{"line":115,"column":33},"end":{"line":115,"column":34}},"loc":{"start":{"line":115,"column":42},"end":{"line":115,"column":66}},"line":115},"11":{"name":"(anonymous_11)","decl":{"start":{"line":116,"column":31},"end":{"line":116,"column":32}},"loc":{"start":{"line":116,"column":40},"end":{"line":116,"column":63}},"line":116}},"branchMap":{"0":{"loc":{"start":{"line":87,"column":32},"end":{"line":87,"column":52}},"type":"default-arg","locations":[{"start":{"line":87,"column":40},"end":{"line":87,"column":52}}],"line":87},"1":{"loc":{"start":{"line":88,"column":2},"end":{"line":109,"column":3}},"type":"switch","locations":[{"start":{"line":89,"column":4},"end":{"line":90,"column":43}},{"start":{"line":91,"column":4},"end":{"line":92,"column":43}},{"start":{"line":93,"column":4},"end":{"line":98,"column":37}},{"start":{"line":99,"column":4},"end":{"line":104,"column":37}},{"start":{"line":105,"column":4},"end":{"line":106,"column":43}},{"start":{"line":107,"column":4},"end":{"line":108,"column":19}}],"line":88}},"s":{"0":2,"1":2,"2":2,"3":2,"4":2,"5":2,"6":6,"7":2,"8":0,"9":1,"10":2,"11":2,"12":2,"13":2,"14":5,"15":1,"16":1,"17":1,"18":1,"19":1,"20":1,"21":0,"22":1,"23":2,"24":0,"25":2,"26":0,"27":2,"28":0},"f":{"0":6,"1":2,"2":0,"3":1,"4":2,"5":2,"6":5,"7":1,"8":1,"9":0,"10":0,"11":0},"b":{"0":[0],"1":[1,1,1,1,0,1]},"_coverageSchema":"332fd63041d2c1bcb487cc26dd0d5f7d97098a6c","hash":"823ce75ca4ebb33a0b43e7d2d56bc1ff58b0c20e"}
,"/Users/shwetech/Project/mlive/src/helpers/api.js": {"path":"/Users/shwetech/Project/mlive/src/helpers/api.js","statementMap":{"0":{"start":{"line":11,"column":17},"end":{"line":11,"column":50}},"1":{"start":{"line":13,"column":23},"end":{"line":16,"column":1}},"2":{"start":{"line":17,"column":24},"end":{"line":19,"column":1}},"3":{"start":{"line":31,"column":2},"end":{"line":45,"column":5}},"4":{"start":{"line":62,"column":2},"end":{"line":71,"column":5}},"5":{"start":{"line":75,"column":2},"end":{"line":84,"column":5}},"6":{"start":{"line":88,"column":2},"end":{"line":100,"column":5}},"7":{"start":{"line":96,"column":4},"end":{"line":98,"column":5}},"8":{"start":{"line":97,"column":6},"end":{"line":97,"column":69}},"9":{"start":{"line":99,"column":4},"end":{"line":99,"column":27}},"10":{"start":{"line":104,"column":2},"end":{"line":117,"column":5}},"11":{"start":{"line":113,"column":4},"end":{"line":115,"column":5}},"12":{"start":{"line":114,"column":6},"end":{"line":114,"column":87}},"13":{"start":{"line":116,"column":4},"end":{"line":116,"column":27}},"14":{"start":{"line":121,"column":2},"end":{"line":135,"column":5}},"15":{"start":{"line":131,"column":4},"end":{"line":133,"column":5}},"16":{"start":{"line":132,"column":6},"end":{"line":132,"column":88}},"17":{"start":{"line":134,"column":4},"end":{"line":134,"column":27}},"18":{"start":{"line":139,"column":2},"end":{"line":151,"column":5}},"19":{"start":{"line":147,"column":4},"end":{"line":149,"column":5}},"20":{"start":{"line":148,"column":6},"end":{"line":148,"column":91}},"21":{"start":{"line":150,"column":4},"end":{"line":150,"column":27}}},"fnMap":{"0":{"name":"facebookLogin","decl":{"start":{"line":21,"column":16},"end":{"line":21,"column":29}},"loc":{"start":{"line":30,"column":2},"end":{"line":46,"column":1}},"line":30},"1":{"name":"googleLogin","decl":{"start":{"line":49,"column":16},"end":{"line":49,"column":27}},"loc":{"start":{"line":58,"column":2},"end":{"line":58,"column":4}},"line":58},"2":{"name":"uploadLastDevice","decl":{"start":{"line":61,"column":16},"end":{"line":61,"column":32}},"loc":{"start":{"line":61,"column":72},"end":{"line":72,"column":1}},"line":61},"3":{"name":"sendTask","decl":{"start":{"line":74,"column":16},"end":{"line":74,"column":24}},"loc":{"start":{"line":74,"column":59},"end":{"line":85,"column":1}},"line":74},"4":{"name":"liveDataRetrieval","decl":{"start":{"line":87,"column":16},"end":{"line":87,"column":33}},"loc":{"start":{"line":87,"column":51},"end":{"line":101,"column":1}},"line":87},"5":{"name":"(anonymous_5)","decl":{"start":{"line":95,"column":10},"end":{"line":95,"column":11}},"loc":{"start":{"line":95,"column":24},"end":{"line":100,"column":3}},"line":95},"6":{"name":"getBroadcastDetail","decl":{"start":{"line":103,"column":16},"end":{"line":103,"column":34}},"loc":{"start":{"line":103,"column":67},"end":{"line":118,"column":1}},"line":103},"7":{"name":"(anonymous_7)","decl":{"start":{"line":112,"column":10},"end":{"line":112,"column":11}},"loc":{"start":{"line":112,"column":24},"end":{"line":117,"column":3}},"line":112},"8":{"name":"initBroadcast","decl":{"start":{"line":120,"column":16},"end":{"line":120,"column":29}},"loc":{"start":{"line":120,"column":71},"end":{"line":136,"column":1}},"line":120},"9":{"name":"(anonymous_9)","decl":{"start":{"line":130,"column":10},"end":{"line":130,"column":11}},"loc":{"start":{"line":130,"column":24},"end":{"line":135,"column":3}},"line":130},"10":{"name":"endBroadcast","decl":{"start":{"line":138,"column":16},"end":{"line":138,"column":28}},"loc":{"start":{"line":138,"column":57},"end":{"line":152,"column":1}},"line":138},"11":{"name":"(anonymous_11)","decl":{"start":{"line":146,"column":10},"end":{"line":146,"column":11}},"loc":{"start":{"line":146,"column":24},"end":{"line":151,"column":3}},"line":146}},"branchMap":{"0":{"loc":{"start":{"line":96,"column":4},"end":{"line":98,"column":5}},"type":"if","locations":[{"start":{"line":96,"column":4},"end":{"line":98,"column":5}},{"start":{"line":96,"column":4},"end":{"line":98,"column":5}}],"line":96},"1":{"loc":{"start":{"line":113,"column":4},"end":{"line":115,"column":5}},"type":"if","locations":[{"start":{"line":113,"column":4},"end":{"line":115,"column":5}},{"start":{"line":113,"column":4},"end":{"line":115,"column":5}}],"line":113},"2":{"loc":{"start":{"line":131,"column":4},"end":{"line":133,"column":5}},"type":"if","locations":[{"start":{"line":131,"column":4},"end":{"line":133,"column":5}},{"start":{"line":131,"column":4},"end":{"line":133,"column":5}}],"line":131},"3":{"loc":{"start":{"line":147,"column":4},"end":{"line":149,"column":5}},"type":"if","locations":[{"start":{"line":147,"column":4},"end":{"line":149,"column":5}},{"start":{"line":147,"column":4},"end":{"line":149,"column":5}}],"line":147}},"s":{"0":2,"1":2,"2":2,"3":0,"4":0,"5":0,"6":0,"7":0,"8":0,"9":0,"10":0,"11":0,"12":0,"13":0,"14":0,"15":0,"16":0,"17":0,"18":0,"19":0,"20":0,"21":0},"f":{"0":0,"1":0,"2":0,"3":0,"4":0,"5":0,"6":0,"7":0,"8":0,"9":0,"10":0,"11":0},"b":{"0":[0,0],"1":[0,0],"2":[0,0],"3":[0,0]},"_coverageSchema":"332fd63041d2c1bcb487cc26dd0d5f7d97098a6c","hash":"788ca0449322b2178327cb0228bf3ab498fabdd3"}
,"/Users/shwetech/Project/mlive/src/sagas/liveSaga.js": {"path":"/Users/shwetech/Project/mlive/src/sagas/liveSaga.js","statementMap":{"0":{"start":{"line":10,"column":2},"end":{"line":24,"column":3}},"1":{"start":{"line":11,"column":4},"end":{"line":23,"column":5}},"2":{"start":{"line":12,"column":6},"end":{"line":12,"column":34}},"3":{"start":{"line":13,"column":34},"end":{"line":13,"column":41}},"4":{"start":{"line":14,"column":28},"end":{"line":14,"column":82}},"5":{"start":{"line":15,"column":6},"end":{"line":17,"column":7}},"6":{"start":{"line":16,"column":8},"end":{"line":16,"column":50}},"7":{"start":{"line":18,"column":23},"end":{"line":18,"column":63}},"8":{"start":{"line":19,"column":6},"end":{"line":19,"column":43}},"9":{"start":{"line":20,"column":6},"end":{"line":20,"column":31}},"10":{"start":{"line":22,"column":6},"end":{"line":22,"column":76}},"11":{"start":{"line":28,"column":2},"end":{"line":31,"column":3}},"12":{"start":{"line":29,"column":24},"end":{"line":29,"column":46}},"13":{"start":{"line":30,"column":25},"end":{"line":30,"column":54}}},"fnMap":{"0":{"name":"liveSaga","decl":{"start":{"line":9,"column":17},"end":{"line":9,"column":25}},"loc":{"start":{"line":9,"column":35},"end":{"line":25,"column":1}},"line":9},"1":{"name":"watcher","decl":{"start":{"line":27,"column":25},"end":{"line":27,"column":32}},"loc":{"start":{"line":27,"column":35},"end":{"line":32,"column":1}},"line":27}},"branchMap":{"0":{"loc":{"start":{"line":15,"column":6},"end":{"line":17,"column":7}},"type":"if","locations":[{"start":{"line":15,"column":6},"end":{"line":17,"column":7}},{"start":{"line":15,"column":6},"end":{"line":17,"column":7}}],"line":15}},"s":{"0":2,"1":2,"2":2,"3":2,"4":2,"5":2,"6":1,"7":1,"8":1,"9":1,"10":1,"11":1,"12":1,"13":1},"f":{"0":2,"1":1},"b":{"0":[1,1]},"_coverageSchema":"332fd63041d2c1bcb487cc26dd0d5f7d97098a6c","hash":"236c106dfa388c0e6d4ab1c97983e23a14213066"}
,"/Users/shwetech/Project/mlive/src/sagas/loginSaga.js": {"path":"/Users/shwetech/Project/mlive/src/sagas/loginSaga.js","statementMap":{"0":{"start":{"line":10,"column":21},"end":{"line":10,"column":30}},"1":{"start":{"line":11,"column":17},"end":{"line":11,"column":22}},"2":{"start":{"line":14,"column":2},"end":{"line":37,"column":3}},"3":{"start":{"line":15,"column":19},"end":{"line":15,"column":42}},"4":{"start":{"line":16,"column":24},"end":{"line":16,"column":48}},"5":{"start":{"line":17,"column":24},"end":{"line":17,"column":65}},"6":{"start":{"line":18,"column":37},"end":{"line":24,"column":5}},"7":{"start":{"line":25,"column":4},"end":{"line":27,"column":5}},"8":{"start":{"line":26,"column":6},"end":{"line":26,"column":49}},"9":{"start":{"line":28,"column":33},"end":{"line":28,"column":70}},"10":{"start":{"line":29,"column":4},"end":{"line":31,"column":5}},"11":{"start":{"line":30,"column":6},"end":{"line":30,"column":72}},"12":{"start":{"line":32,"column":4},"end":{"line":34,"column":8}},"13":{"start":{"line":36,"column":4},"end":{"line":36,"column":81}},"14":{"start":{"line":41,"column":2},"end":{"line":41,"column":41}},"15":{"start":{"line":42,"column":2},"end":{"line":103,"column":3}},"16":{"start":{"line":44,"column":4},"end":{"line":68,"column":5}},"17":{"start":{"line":45,"column":6},"end":{"line":55,"column":8}},"18":{"start":{"line":56,"column":11},"end":{"line":68,"column":5}},"19":{"start":{"line":57,"column":6},"end":{"line":67,"column":8}},"20":{"start":{"line":69,"column":17},"end":{"line":69,"column":49}},"21":{"start":{"line":70,"column":21},"end":{"line":70,"column":25}},"22":{"start":{"line":71,"column":24},"end":{"line":71,"column":36}},"23":{"start":{"line":72,"column":24},"end":{"line":72,"column":44}},"24":{"start":{"line":73,"column":57},"end":{"line":76,"column":5}},"25":{"start":{"line":77,"column":4},"end":{"line":79,"column":5}},"26":{"start":{"line":78,"column":6},"end":{"line":78,"column":49}},"27":{"start":{"line":80,"column":4},"end":{"line":82,"column":5}},"28":{"start":{"line":81,"column":6},"end":{"line":81,"column":48}},"29":{"start":{"line":83,"column":33},"end":{"line":83,"column":70}},"30":{"start":{"line":84,"column":25},"end":{"line":84,"column":54}},"31":{"start":{"line":85,"column":33},"end":{"line":85,"column":53}},"32":{"start":{"line":86,"column":25},"end":{"line":86,"column":37}},"33":{"start":{"line":87,"column":4},"end":{"line":89,"column":5}},"34":{"start":{"line":88,"column":6},"end":{"line":88,"column":49}},"35":{"start":{"line":90,"column":4},"end":{"line":92,"column":5}},"36":{"start":{"line":91,"column":6},"end":{"line":91,"column":48}},"37":{"start":{"line":93,"column":4},"end":{"line":93,"column":32}},"38":{"start":{"line":94,"column":4},"end":{"line":94,"column":40}},"39":{"start":{"line":95,"column":4},"end":{"line":95,"column":52}},"40":{"start":{"line":96,"column":4},"end":{"line":96,"column":61}},"41":{"start":{"line":97,"column":4},"end":{"line":99,"column":8}},"42":{"start":{"line":101,"column":4},"end":{"line":101,"column":41}},"43":{"start":{"line":102,"column":4},"end":{"line":102,"column":70}}},"fnMap":{"0":{"name":"uploadDeviceSaga","decl":{"start":{"line":13,"column":17},"end":{"line":13,"column":33}},"loc":{"start":{"line":13,"column":36},"end":{"line":38,"column":1}},"line":13},"1":{"name":"loginSaga","decl":{"start":{"line":40,"column":25},"end":{"line":40,"column":34}},"loc":{"start":{"line":40,"column":48},"end":{"line":104,"column":1}},"line":40}},"branchMap":{"0":{"loc":{"start":{"line":25,"column":4},"end":{"line":27,"column":5}},"type":"if","locations":[{"start":{"line":25,"column":4},"end":{"line":27,"column":5}},{"start":{"line":25,"column":4},"end":{"line":27,"column":5}}],"line":25},"1":{"loc":{"start":{"line":29,"column":4},"end":{"line":31,"column":5}},"type":"if","locations":[{"start":{"line":29,"column":4},"end":{"line":31,"column":5}},{"start":{"line":29,"column":4},"end":{"line":31,"column":5}}],"line":29},"2":{"loc":{"start":{"line":44,"column":4},"end":{"line":68,"column":5}},"type":"if","locations":[{"start":{"line":44,"column":4},"end":{"line":68,"column":5}},{"start":{"line":44,"column":4},"end":{"line":68,"column":5}}],"line":44},"3":{"loc":{"start":{"line":56,"column":11},"end":{"line":68,"column":5}},"type":"if","locations":[{"start":{"line":56,"column":11},"end":{"line":68,"column":5}},{"start":{"line":56,"column":11},"end":{"line":68,"column":5}}],"line":56},"4":{"loc":{"start":{"line":77,"column":4},"end":{"line":79,"column":5}},"type":"if","locations":[{"start":{"line":77,"column":4},"end":{"line":79,"column":5}},{"start":{"line":77,"column":4},"end":{"line":79,"column":5}}],"line":77},"5":{"loc":{"start":{"line":80,"column":4},"end":{"line":82,"column":5}},"type":"if","locations":[{"start":{"line":80,"column":4},"end":{"line":82,"column":5}},{"start":{"line":80,"column":4},"end":{"line":82,"column":5}}],"line":80},"6":{"loc":{"start":{"line":87,"column":4},"end":{"line":89,"column":5}},"type":"if","locations":[{"start":{"line":87,"column":4},"end":{"line":89,"column":5}},{"start":{"line":87,"column":4},"end":{"line":89,"column":5}}],"line":87},"7":{"loc":{"start":{"line":90,"column":4},"end":{"line":92,"column":5}},"type":"if","locations":[{"start":{"line":90,"column":4},"end":{"line":92,"column":5}},{"start":{"line":90,"column":4},"end":{"line":92,"column":5}}],"line":90}},"s":{"0":1,"1":1,"2":0,"3":0,"4":0,"5":0,"6":0,"7":0,"8":0,"9":0,"10":0,"11":0,"12":0,"13":0,"14":2,"15":2,"16":2,"17":1,"18":1,"19":1,"20":0,"21":0,"22":0,"23":0,"24":0,"25":0,"26":0,"27":0,"28":0,"29":0,"30":0,"31":0,"32":0,"33":0,"34":0,"35":0,"36":0,"37":0,"38":0,"39":0,"40":0,"41":0,"42":0,"43":0},"f":{"0":0,"1":2},"b":{"0":[0,0],"1":[0,0],"2":[1,1],"3":[1,0],"4":[0,0],"5":[0,0],"6":[0,0],"7":[0,0]},"_coverageSchema":"332fd63041d2c1bcb487cc26dd0d5f7d97098a6c","hash":"fb1f7cc1629b85095611d3ae4d0bbd27a35b9b13"}
}
