TN:
SF:/Users/shwetech/Project/mlive/src/constants.js
FNF:0
FNH:0
LF:0
LH:0
BRF:0
BRH:0
end_of_record
TN:
SF:/Users/shwetech/Project/mlive/src/data/storage.js
FN:8,(anonymous_0)
FN:15,(anonymous_1)
FN:23,(anonymous_2)
FN:30,(anonymous_3)
FN:38,(anonymous_4)
FN:45,(anonymous_5)
FNF:6
FNH:0
FNDA:0,(anonymous_0)
FNDA:0,(anonymous_1)
FNDA:0,(anonymous_2)
FNDA:0,(anonymous_3)
FNDA:0,(anonymous_4)
FNDA:0,(anonymous_5)
DA:3,1
DA:4,1
DA:5,1
DA:9,0
DA:10,0
DA:12,0
DA:16,0
DA:17,0
DA:18,0
DA:20,0
DA:24,0
DA:25,0
DA:27,0
DA:31,0
DA:32,0
DA:33,0
DA:35,0
DA:39,0
DA:40,0
DA:42,0
DA:46,0
DA:47,0
DA:48,0
DA:50,0
LF:24
LH:3
BRF:0
BRH:0
end_of_record
TN:
SF:/Users/shwetech/Project/mlive/src/ducks/error.js
FN:19,didReceiveError
FN:29,resetError
FN:43,(anonymous_2)
FN:58,isError
FN:62,getLastError
FNF:5
FNH:5
FNDA:4,didReceiveError
FNDA:2,resetError
FNDA:3,(anonymous_2)
FNDA:2,isError
FNDA:1,getLastError
DA:3,3
DA:8,3
DA:16,3
DA:17,3
DA:20,4
DA:30,2
DA:35,3
DA:43,3
DA:44,3
DA:45,1
DA:46,1
DA:47,1
DA:51,2
DA:52,1
DA:54,1
DA:59,2
DA:63,1
DA:64,1
DA:65,1
DA:66,1
DA:67,0
DA:69,1
LF:22
LH:21
BRDA:43,0,0,0
BRDA:44,1,0,1
BRDA:44,1,1,2
BRDA:46,2,0,0
BRDA:46,2,1,1
BRDA:51,3,0,1
BRDA:51,3,1,1
BRDA:64,4,0,0
BRDA:64,4,1,1
BRDA:66,5,0,0
BRDA:66,5,1,1
BRF:11
BRH:7
end_of_record
TN:
SF:/Users/shwetech/Project/mlive/src/ducks/live.js
FN:8,fetchLive
FN:15,fetchLiveStart
FN:21,fetchLiveFinish
FN:28,fetchLiveStop
FN:53,convertToState
FN:54,(anonymous_5)
FN:62,reducer
FN:67,(anonymous_7)
FN:76,(anonymous_8)
FN:77,(anonymous_9)
FNF:10
FNH:10
FNDA:2,fetchLive
FNDA:7,fetchLiveStart
FNDA:4,fetchLiveFinish
FNDA:1,fetchLiveStop
FNDA:2,convertToState
FNDA:1,(anonymous_5)
FNDA:2,reducer
FNDA:1,(anonymous_7)
FNDA:1,(anonymous_8)
FNDA:1,(anonymous_9)
DA:3,2
DA:4,2
DA:5,2
DA:6,2
DA:9,2
DA:16,7
DA:22,4
DA:29,1
DA:34,2
DA:54,2
DA:63,2
DA:65,1
DA:67,1
DA:68,1
DA:70,0
DA:76,2
DA:77,2
LF:17
LH:16
BRDA:57,0,0,1
BRDA:57,0,1,1
BRDA:62,1,0,0
BRDA:63,2,0,1
BRDA:63,2,1,1
BRDA:63,2,2,0
BRF:6
BRH:4
end_of_record
TN:
SF:/Users/shwetech/Project/mlive/src/ducks/login.js
FN:13,startLogin
FN:19,startLogout
FN:25,reLogin
FN:31,login
FN:58,finishLogin
FN:66,logout
FN:87,reducer
FN:94,(anonymous_7)
FN:100,(anonymous_8)
FN:114,(anonymous_9)
FN:115,(anonymous_10)
FN:116,(anonymous_11)
FNF:12
FNH:8
FNDA:6,startLogin
FNDA:2,startLogout
FNDA:0,reLogin
FNDA:1,login
FNDA:2,finishLogin
FNDA:2,logout
FNDA:5,reducer
FNDA:1,(anonymous_7)
FNDA:1,(anonymous_8)
FNDA:0,(anonymous_9)
FNDA:0,(anonymous_10)
FNDA:0,(anonymous_11)
DA:5,2
DA:6,2
DA:7,2
DA:8,2
DA:9,2
DA:10,2
DA:14,6
DA:20,2
DA:26,0
DA:42,1
DA:59,2
DA:67,2
DA:72,2
DA:81,2
DA:88,5
DA:90,1
DA:92,1
DA:94,1
DA:95,1
DA:100,1
DA:101,1
DA:106,0
DA:108,1
DA:114,2
DA:115,2
DA:116,2
LF:26
LH:24
BRDA:87,0,0,0
BRDA:88,1,0,1
BRDA:88,1,1,1
BRDA:88,1,2,1
BRDA:88,1,3,1
BRDA:88,1,4,0
BRDA:88,1,5,1
BRF:7
BRH:5
end_of_record
TN:
SF:/Users/shwetech/Project/mlive/src/helpers/api.js
FN:21,facebookLogin
FN:49,googleLogin
FN:61,uploadLastDevice
FN:74,sendTask
FN:87,liveDataRetrieval
FN:95,(anonymous_5)
FN:103,getBroadcastDetail
FN:112,(anonymous_7)
FN:120,initBroadcast
FN:130,(anonymous_9)
FN:138,endBroadcast
FN:146,(anonymous_11)
FNF:12
FNH:0
FNDA:0,facebookLogin
FNDA:0,googleLogin
FNDA:0,uploadLastDevice
FNDA:0,sendTask
FNDA:0,liveDataRetrieval
FNDA:0,(anonymous_5)
FNDA:0,getBroadcastDetail
FNDA:0,(anonymous_7)
FNDA:0,initBroadcast
FNDA:0,(anonymous_9)
FNDA:0,endBroadcast
FNDA:0,(anonymous_11)
DA:11,2
DA:13,2
DA:17,2
DA:31,0
DA:62,0
DA:75,0
DA:88,0
DA:96,0
DA:97,0
DA:99,0
DA:104,0
DA:113,0
DA:114,0
DA:116,0
DA:121,0
DA:131,0
DA:132,0
DA:134,0
DA:139,0
DA:147,0
DA:148,0
DA:150,0
LF:22
LH:3
BRDA:96,0,0,0
BRDA:96,0,1,0
BRDA:113,1,0,0
BRDA:113,1,1,0
BRDA:131,2,0,0
BRDA:131,2,1,0
BRDA:147,3,0,0
BRDA:147,3,1,0
BRF:8
BRH:0
end_of_record
TN:
SF:/Users/shwetech/Project/mlive/src/sagas/liveSaga.js
FN:9,liveSaga
FN:27,watcher
FNF:2
FNH:2
FNDA:2,liveSaga
FNDA:1,watcher
DA:10,2
DA:11,2
DA:12,2
DA:13,2
DA:14,2
DA:15,2
DA:16,1
DA:18,1
DA:19,1
DA:20,1
DA:22,1
DA:28,1
DA:29,1
DA:30,1
LF:14
LH:14
BRDA:15,0,0,1
BRDA:15,0,1,1
BRF:2
BRH:2
end_of_record
TN:
SF:/Users/shwetech/Project/mlive/src/sagas/loginSaga.js
FN:13,uploadDeviceSaga
FN:40,loginSaga
FNF:2
FNH:1
FNDA:0,uploadDeviceSaga
FNDA:2,loginSaga
DA:10,1
DA:11,1
DA:14,0
DA:15,0
DA:16,0
DA:17,0
DA:18,0
DA:25,0
DA:26,0
DA:28,0
DA:29,0
DA:30,0
DA:32,0
DA:36,0
DA:41,2
DA:42,2
DA:44,2
DA:45,1
DA:56,1
DA:57,1
DA:69,0
DA:70,0
DA:71,0
DA:72,0
DA:73,0
DA:77,0
DA:78,0
DA:80,0
DA:81,0
DA:83,0
DA:84,0
DA:85,0
DA:86,0
DA:87,0
DA:88,0
DA:90,0
DA:91,0
DA:93,0
DA:94,0
DA:95,0
DA:96,0
DA:97,0
DA:101,0
DA:102,0
LF:44
LH:8
BRDA:25,0,0,0
BRDA:25,0,1,0
BRDA:29,1,0,0
BRDA:29,1,1,0
BRDA:44,2,0,1
BRDA:44,2,1,1
BRDA:56,3,0,1
BRDA:56,3,1,0
BRDA:77,4,0,0
BRDA:77,4,1,0
BRDA:80,5,0,0
BRDA:80,5,1,0
BRDA:87,6,0,0
BRDA:87,6,1,0
BRDA:90,7,0,0
BRDA:90,7,1,0
BRF:16
BRH:3
end_of_record
